#
# A fatal error has been detected by the Java Runtime Environment:
#
#  SIGSEGV (0xb) at pc=0x000000010faacfc4, pid=865, tid=18179
#
# JRE version: Java(TM) SE Runtime Environment (9.0+11) (build 9.0.1+11)
# Java VM: Java HotSpot(TM) 64-Bit Server VM (9.0.1+11, mixed mode, tiered, compressed oops, g1 gc, bsd-amd64)
# Problematic frame:
# V  [libjvm.dylib+0x350fc4]
#
# No core dump will be written. Core dumps have been disabled. To enable core dumping, try "ulimit -c unlimited" before starting Java again
#
# If you would like to submit a bug report, please visit:
#   http://bugreport.java.com/bugreport/crash.jsp
#

---------------  S U M M A R Y ------------

Command Line: -agentlib:jdwp=transport=dt_socket,suspend=y,address=localhost:55954 -ea -Dfile.encoding=UTF-8 org.testng.remote.RemoteTestNG -serport 55953 -protocol json -d /Users/tomislavstipandzija/git/txoc/TexasOnCourse/test-output /var/folders/fx/g2b_rq_n3_g1v526nfj_zr1h0000gn/T/testng-eclipse--1248452019/testng-customsuite.xml

Host: MacBookPro14,1 x86_64 2300 MHz, 4 cores, 8G, Darwin 17.5.0
Time: Tue May 15 10:45:59 2018 CEST elapsed time: 1356 seconds (0d 0h 22m 36s)

---------------  T H R E A D  ---------------

Current thread (0x00007fd800000000):  VMThread "VM Thread" [stack: 0x000070001096d000,0x0000700010a6d000] [id=18179]

Stack: [0x000070001096d000,0x0000700010a6d000],  sp=0x0000700010a6c630,  free space=1021k
Native frames: (J=compiled Java code, A=aot compiled Java code, j=interpreted, Vv=VM code, C=native code)
V  [libjvm.dylib+0x350fc4]
V  [libjvm.dylib+0x34fa09]
V  [libjvm.dylib+0x34f71f]
V  [libjvm.dylib+0x34f405]
V  [libjvm.dylib+0x351947]
V  [libjvm.dylib+0x5e7eb8]
V  [libjvm.dylib+0x5e861c]
V  [libjvm.dylib+0x5e8ceb]
V  [libjvm.dylib+0x5e8b17]
V  [libjvm.dylib+0x5b1e67]
V  [libjvm.dylib+0x4a6731]
V  [libjvm.dylib+0x746727]
V  [libjvm.dylib+0x745d9c]
V  [libjvm.dylib+0x745a8e]
V  [libjvm.dylib+0x7456b9]
V  [libjvm.dylib+0x5ef563]
C  [libsystem_pthread.dylib+0x3661]  _pthread_body+0x154
C  [libsystem_pthread.dylib+0x350d]  _pthread_body+0x0
C  [libsystem_pthread.dylib+0x2bf9]  thread_start+0xd


siginfo: si_signo: 11 (SIGSEGV), si_code: 1 (SEGV_MAPERR), si_addr: 0x0000000000000006

Register to memory mapping:

RAX=0x0000000000000000 is an unknown value
RBX=0x0000000132c6ae68 is pointing into metadata
RCX=0x0000000000000540 is an unknown value
RDX=0x0000000000000000 is an unknown value
RSP=0x0000700010a6c630 is an unknown value
RBP=0x0000700010a6c680 is an unknown value
RSI=0x000000000000ffe5 is an unknown value
RDI=0x0000000132c6ae68 is pointing into metadata
R8 =0x00000000000000ee is an unknown value
R9 =0x0000000000000006 is an unknown value
R10=0x00007fd7fff00f74 is an unknown value
R11=0x00007fd7fff01074 is an unknown value
R12=0x00000000000000ee is an unknown value
R13=0x0000000000000001 is an unknown value
R14=0x0000000000000000 is an unknown value
R15=0x0000700010a6c858 is an unknown value


Registers:
RAX=0x0000000000000000, RBX=0x0000000132c6ae68, RCX=0x0000000000000540, RDX=0x0000000000000000
RSP=0x0000700010a6c630, RBP=0x0000700010a6c680, RSI=0x000000000000ffe5, RDI=0x0000000132c6ae68
R8 =0x00000000000000ee, R9 =0x0000000000000006, R10=0x00007fd7fff00f74, R11=0x00007fd7fff01074
R12=0x00000000000000ee, R13=0x0000000000000001, R14=0x0000000000000000, R15=0x0000700010a6c858
RIP=0x000000010faacfc4, EFLAGS=0x0000000000010202, ERR=0x0000000000000004
  TRAPNO=0x000000000000000e

Top of Stack: (sp=0x0000700010a6c630)
0x0000700010a6c630:   0000000100000000 00000001000000ee
0x0000700010a6c640:   000000010faac398 0000700010a6c690
0x0000700010a6c650:   99c28bf0ba8c008e 0000700010a6c858
0x0000700010a6c660:   0000700010a6c690 00000000000000f9
0x0000700010a6c670:   0000700010a6c698 00007fd7fff00ee8
0x0000700010a6c680:   0000700010a6c6f0 000000010faaba09
0x0000700010a6c690:   0000700010a6c6b0 0000000132c6b990
0x0000700010a6c6a0:   00007fd800000000 000000f1000000ee
0x0000700010a6c6b0:   000000cb000000f9 000000b40faa0000
0x0000700010a6c6c0:   99c28bf0ba8c008e 0000000000000003
0x0000700010a6c6d0:   00007fd7fff00e00 0000700010a6c9a0
0x0000700010a6c6e0:   0000700010a6c858 0000000000000078
0x0000700010a6c6f0:   0000700010a6c720 000000010faab71f
0x0000700010a6c700:   0000000000000000 0000700010a6c858
0x0000700010a6c710:   00007fd800000000 00007fd7fff00e00
0x0000700010a6c720:   0000700010a6c740 000000010faab405
0x0000700010a6c730:   99c28bf0ba8c008e 0000700010a6c858
0x0000700010a6c740:   0000700010a6c7e0 000000010faad947
0x0000700010a6c750:   99c28bf0ba8c0000 0000000000000000
0x0000700010a6c760:   000000010fec845e 00007fffa7257600
0x0000700010a6c770:   ffffffffffffffff 0000000000000000
0x0000700010a6c780:   0000000000000000 00007fff6ed00100
0x0000700010a6c790:   0000000000000000 0000700010a6cb80
0x0000700010a6c7a0:   0000700010a6c700 0000000000000000
0x0000700010a6c7b0:   000000010fef6fda 0000000000000000
0x0000700010a6c7c0:   0000700010a6c858 0000700010a6c848
0x0000700010a6c7d0:   00007fd800000000 0000700010a6c858
0x0000700010a6c7e0:   0000700010a6c830 000000010fd43eb8
0x0000700010a6c7f0:   00007fd7ffc00400 00007fd7fff00da0
0x0000700010a6c800:   00007fd7fff00db0 00007fd7fff01188
0x0000700010a6c810:   00000000000003d8 00007fd7fffbc6c0
0x0000700010a6c820:   00000000000000f6 0000700010a6c858 

Instructions: (pc=0x000000010faacfc4)
0x000000010faacfa4:   8b 58 08 31 d2 48 89 df 89 ce e8 21 3b f1 ff 48
0x000000010faacfb4:   89 df 89 c6 e8 9b 3b f1 ff 48 98 48 8b 44 c3 48
0x000000010faacfc4:   0f be 48 06 48 8d 05 95 36 61 00 83 f9 49 7f 0a
0x000000010faacfd4:   0f b6 c9 83 f9 44 75 50 eb 55 0f be d1 83 fa 55 

VM_Operation (0x0000700011387a18): GetOrSetLocal, mode: safepoint, requested by thread 0x00007fd801875800


---------------  P R O C E S S  ---------------

Java Threads: ( => current thread )
  0x00007fd801ae7800 JavaThread "ForkJoinPool.commonPool-worker-1" daemon [_thread_blocked, id=25603, stack(0x0000700011bca000,0x0000700011cca000)]
  0x00007fd800a61800 JavaThread "Exec Stream Pumper" daemon [_thread_in_native, id=39939, stack(0x0000700011ac7000,0x0000700011bc7000)]
  0x00007fd800a6e800 JavaThread "Exec Stream Pumper" daemon [_thread_in_native, id=25091, stack(0x00007000119c4000,0x0000700011ac4000)]
  0x00007fd800a5a800 JavaThread "process reaper" daemon [_thread_in_native, id=40451, stack(0x000070001199d000,0x00007000119c1000)]
  0x00007fd801a57800 JavaThread "Exec Default Executor" daemon [_thread_blocked, id=24835, stack(0x000070001189a000,0x000070001199a000)]
  0x00007fd800907000 JavaThread "ReaderThread" [_thread_in_native, id=40963, stack(0x0000700011797000,0x0000700011897000)]
  0x00007fd800085000 JavaThread "Service Thread" daemon [_thread_blocked, id=24067, stack(0x0000700011591000,0x0000700011691000)]
  0x00007fd800084000 JavaThread "JDWP Command Reader" daemon [_thread_in_native, id=41731, stack(0x000070001148e000,0x000070001158e000)]
  0x00007fd801876800 JavaThread "JDWP Event Helper Thread" daemon [_thread_blocked, id=42243, stack(0x000070001138b000,0x000070001148b000)]
  0x00007fd801875800 JavaThread "JDWP Transport Listener: dt_socket" daemon [_thread_blocked, id=23559, stack(0x0000700011288000,0x0000700011388000)]
  0x00007fd80183a000 JavaThread "Common-Cleaner" daemon [_thread_blocked, id=23043, stack(0x0000700011185000,0x0000700011285000)]
  0x00007fd801825800 JavaThread "Sweeper thread" daemon [_thread_blocked, id=22787, stack(0x0000700011082000,0x0000700011182000)]
  0x00007fd80181f000 JavaThread "C1 CompilerThread2" daemon [_thread_blocked, id=22531, stack(0x0000700010f7f000,0x000070001107f000)]
  0x00007fd800015800 JavaThread "C2 CompilerThread1" daemon [_thread_blocked, id=43267, stack(0x0000700010e7c000,0x0000700010f7c000)]
  0x00007fd800010800 JavaThread "C2 CompilerThread0" daemon [_thread_blocked, id=21763, stack(0x0000700010d79000,0x0000700010e79000)]
  0x00007fd800010000 JavaThread "Signal Dispatcher" daemon [_thread_blocked, id=15115, stack(0x0000700010c76000,0x0000700010d76000)]
  0x00007fd800001800 JavaThread "Finalizer" daemon [_thread_blocked, id=13827, stack(0x0000700010b73000,0x0000700010c73000)]
  0x00007fd800001000 JavaThread "Reference Handler" daemon [_thread_blocked, id=17923, stack(0x0000700010a70000,0x0000700010b70000)]
  0x00007fd801800000 JavaThread "main" [_thread_blocked, id=3587, stack(0x000070000fcc6000,0x000070000fdc6000)]

Other Threads:
=>0x00007fd800000000 VMThread "VM Thread" [stack: 0x000070001096d000,0x0000700010a6d000] [id=18179]
  0x00007fd8010ac000 WatcherThread [stack: 0x0000700011694000,0x0000700011794000] [id=41475]
  0x00007fd801811000 GCTaskThread "GC Thread#0" [stack: 0x000070000fe4c000,0x000070000ff4c000] [id=10755]
  0x00007fd800804800 GCTaskThread "GC Thread#1" [stack: 0x000070000ff4f000,0x000070001004f000] [id=11267]
  0x00007fd800805000 GCTaskThread "GC Thread#2" [stack: 0x0000700010052000,0x0000700010152000] [id=21251]
  0x00007fd800805800 GCTaskThread "GC Thread#3" [stack: 0x0000700010155000,0x0000700010255000] [id=20739]
  0x00007fd800836000 ConcurrentGCThread "G1 Main Marker" [stack: 0x0000700010767000,0x0000700010867000] [id=19203]
  0x00007fd800837000 ConcurrentGCThread "G1 Marker#0" [stack: 0x000070001086a000,0x000070001096a000] [id=18435]
  0x00007fd800808800 ConcurrentGCThread "G1 Refine#0" [stack: 0x0000700010561000,0x0000700010661000] [id=19715]
  0x00007fd800808000 ConcurrentGCThread "G1 Refine#1" [stack: 0x000070001045e000,0x000070001055e000] [id=12291]
  0x00007fd800807000 ConcurrentGCThread "G1 Refine#2" [stack: 0x000070001035b000,0x000070001045b000] [id=20227]
  0x00007fd800806800 ConcurrentGCThread "G1 Refine#3" [stack: 0x0000700010258000,0x0000700010358000] [id=20483]
  0x00007fd800809800 ConcurrentGCThread "G1 Young RemSet Sampling" [stack: 0x0000700010664000,0x0000700010764000] [id=12803]

Threads with active compile tasks:

VM state:at safepoint (normal execution)

VM Mutex/Monitor currently owned by a thread:  ([mutex/lock_event])
[0x00007fd7ffe12dd0] Threads_lock - owner thread: 0x00007fd800000000

Heap address: 0x0000000740000000, size: 2048 MB, Compressed Oops mode: Zero based, Oop shift amount: 3
Narrow klass base: 0x0000000000000000, Narrow klass shift: 3
Compressed class space size: 1073741824 Address: 0x00000007c0000000

Heap:
 garbage-first heap   total 131072K, used 18518K [0x0000000740000000, 0x0000000740100400, 0x00000007c0000000)
  region size 1024K, 12 young (12288K), 4 survivors (4096K)
 Metaspace       used 22193K, capacity 23058K, committed 23296K, reserved 1069056K
  class space    used 2489K, capacity 2703K, committed 2816K, reserved 1048576K
Heap Regions: E=young(eden), S=young(survivor), O=old, HS=humongous(starts), HC=humongous(continues), CS=collection set, F=free, A=archive, TS=gc time stamp, AC=allocation context, TAMS=top-at-mark-start (previous, next)
|   0|0x0000000740000000, 0x0000000740100000, 0x0000000740100000|100%| O|  |TS  0|AC  0|TAMS 0x0000000740100000, 0x0000000740100000|
|   1|0x0000000740100000, 0x0000000740200000, 0x0000000740200000|100%| O|  |TS  0|AC  0|TAMS 0x0000000740200000, 0x0000000740200000|
|   2|0x0000000740200000, 0x0000000740300000, 0x0000000740300000|100%| O|  |TS  0|AC  0|TAMS 0x0000000740300000, 0x0000000740300000|
|   3|0x0000000740300000, 0x0000000740400000, 0x0000000740400000|100%| O|  |TS  0|AC  0|TAMS 0x0000000740400000, 0x0000000740400000|
|   4|0x0000000740400000, 0x0000000740500000, 0x0000000740500000|100%| O|  |TS  0|AC  0|TAMS 0x0000000740500000, 0x0000000740500000|
|   5|0x0000000740500000, 0x0000000740600000, 0x0000000740600000|100%| O|  |TS  0|AC  0|TAMS 0x0000000740600000, 0x0000000740600000|
|   6|0x0000000740600000, 0x0000000740700000, 0x0000000740700000|100%| O|  |TS  0|AC  0|TAMS 0x0000000740700000, 0x0000000740700000|
|   7|0x0000000740700000, 0x0000000740715800, 0x0000000740800000|  8%| O|  |TS  0|AC  0|TAMS 0x0000000740715800, 0x0000000740715800|
|   8|0x0000000740800000, 0x0000000740800000, 0x0000000740900000|  0%| F|  |TS  0|AC  0|TAMS 0x0000000740800000, 0x0000000740800000|
|   9|0x0000000740900000, 0x0000000740900000, 0x0000000740a00000|  0%| F|  |TS  0|AC  0|TAMS 0x0000000740900000, 0x0000000740900000|
|  10|0x0000000740a00000, 0x0000000740a00000, 0x0000000740b00000|  0%| F|  |TS  0|AC  0|TAMS 0x0000000740a00000, 0x0000000740a00000|
|  11|0x0000000740b00000, 0x0000000740b00000, 0x0000000740c00000|  0%| F|  |TS  0|AC  0|TAMS 0x0000000740b00000, 0x0000000740b00000|
|  12|0x0000000740c00000, 0x0000000740c00000, 0x0000000740d00000|  0%| F|  |TS  0|AC  0|TAMS 0x0000000740c00000, 0x0000000740c00000|
|  13|0x0000000740d00000, 0x0000000740d00000, 0x0000000740e00000|  0%| F|  |TS  0|AC  0|TAMS 0x0000000740d00000, 0x0000000740d00000|
|  14|0x0000000740e00000, 0x0000000740e00000, 0x0000000740f00000|  0%| F|  |TS  0|AC  0|TAMS 0x0000000740e00000, 0x0000000740e00000|
|  15|0x0000000740f00000, 0x0000000740f00000, 0x0000000741000000|  0%| F|  |TS  0|AC  0|TAMS 0x0000000740f00000, 0x0000000740f00000|
|  16|0x0000000741000000, 0x0000000741000000, 0x0000000741100000|  0%| F|  |TS  0|AC  0|TAMS 0x0000000741000000, 0x0000000741000000|
|  17|0x0000000741100000, 0x0000000741100000, 0x0000000741200000|  0%| F|  |TS  0|AC  0|TAMS 0x0000000741100000, 0x0000000741100000|
|  18|0x0000000741200000, 0x0000000741200000, 0x0000000741300000|  0%| F|  |TS  0|AC  0|TAMS 0x0000000741200000, 0x0000000741200000|
|  19|0x0000000741300000, 0x0000000741300000, 0x0000000741400000|  0%| F|  |TS  0|AC  0|TAMS 0x0000000741300000, 0x0000000741300000|
|  20|0x0000000741400000, 0x0000000741400000, 0x0000000741500000|  0%| F|  |TS  0|AC  0|TAMS 0x0000000741400000, 0x0000000741400000|
|  21|0x0000000741500000, 0x0000000741500000, 0x0000000741600000|  0%| F|  |TS  0|AC  0|TAMS 0x0000000741500000, 0x0000000741500000|
|  22|0x0000000741600000, 0x0000000741600000, 0x0000000741700000|  0%| F|  |TS  0|AC  0|TAMS 0x0000000741600000, 0x0000000741600000|
|  23|0x0000000741700000, 0x0000000741700000, 0x0000000741800000|  0%| F|  |TS  0|AC  0|TAMS 0x0000000741700000, 0x0000000741700000|
|  24|0x0000000741800000, 0x0000000741800000, 0x0000000741900000|  0%| F|  |TS  0|AC  0|TAMS 0x0000000741800000, 0x0000000741800000|
|  25|0x0000000741900000, 0x0000000741900000, 0x0000000741a00000|  0%| F|  |TS  0|AC  0|TAMS 0x0000000741900000, 0x0000000741900000|
|  26|0x0000000741a00000, 0x0000000741a00000, 0x0000000741b00000|  0%| F|  |TS  0|AC  0|TAMS 0x0000000741a00000, 0x0000000741a00000|
|  27|0x0000000741b00000, 0x0000000741b00000, 0x0000000741c00000|  0%| F|  |TS  0|AC  0|TAMS 0x0000000741b00000, 0x0000000741b00000|
|  28|0x0000000741c00000, 0x0000000741c00000, 0x0000000741d00000|  0%| F|  |TS  0|AC  0|TAMS 0x0000000741c00000, 0x0000000741c00000|
|  29|0x0000000741d00000, 0x0000000741d00000, 0x0000000741e00000|  0%| F|  |TS  0|AC  0|TAMS 0x0000000741d00000, 0x0000000741d00000|
|  30|0x0000000741e00000, 0x0000000741e00000, 0x0000000741f00000|  0%| F|  |TS  0|AC  0|TAMS 0x0000000741e00000, 0x0000000741e00000|
|  31|0x0000000741f00000, 0x0000000741f00000, 0x0000000742000000|  0%| F|  |TS  0|AC  0|TAMS 0x0000000741f00000, 0x0000000741f00000|
|  32|0x0000000742000000, 0x0000000742000000, 0x0000000742100000|  0%| F|  |TS  0|AC  0|TAMS 0x0000000742000000, 0x0000000742000000|
|  33|0x0000000742100000, 0x0000000742100000, 0x0000000742200000|  0%| F|  |TS  0|AC  0|TAMS 0x0000000742100000, 0x0000000742100000|
|  34|0x0000000742200000, 0x0000000742200000, 0x0000000742300000|  0%| F|  |TS  0|AC  0|TAMS 0x0000000742200000, 0x0000000742200000|
|  35|0x0000000742300000, 0x0000000742300000, 0x0000000742400000|  0%| F|  |TS  0|AC  0|TAMS 0x0000000742300000, 0x0000000742300000|
|  36|0x0000000742400000, 0x0000000742400000, 0x0000000742500000|  0%| F|  |TS  0|AC  0|TAMS 0x0000000742400000, 0x0000000742400000|
|  37|0x0000000742500000, 0x0000000742500000, 0x0000000742600000|  0%| F|  |TS  0|AC  0|TAMS 0x0000000742500000, 0x0000000742500000|
|  38|0x0000000742600000, 0x0000000742600000, 0x0000000742700000|  0%| F|  |TS  0|AC  0|TAMS 0x0000000742600000, 0x0000000742600000|
|  39|0x0000000742700000, 0x0000000742700000, 0x0000000742800000|  0%| F|  |TS  0|AC  0|TAMS 0x0000000742700000, 0x0000000742700000|
|  40|0x0000000742800000, 0x0000000742800000, 0x0000000742900000|  0%| F|  |TS  0|AC  0|TAMS 0x0000000742800000, 0x0000000742800000|
|  41|0x0000000742900000, 0x0000000742900000, 0x0000000742a00000|  0%| F|  |TS  0|AC  0|TAMS 0x0000000742900000, 0x0000000742900000|
|  42|0x0000000742a00000, 0x0000000742a00000, 0x0000000742b00000|  0%| F|  |TS  0|AC  0|TAMS 0x0000000742a00000, 0x0000000742a00000|
|  43|0x0000000742b00000, 0x0000000742b00000, 0x0000000742c00000|  0%| F|  |TS  0|AC  0|TAMS 0x0000000742b00000, 0x0000000742b00000|
|  44|0x0000000742c00000, 0x0000000742c00000, 0x0000000742d00000|  0%| F|  |TS  0|AC  0|TAMS 0x0000000742c00000, 0x0000000742c00000|
|  45|0x0000000742d00000, 0x0000000742d00000, 0x0000000742e00000|  0%| F|  |TS  0|AC  0|TAMS 0x0000000742d00000, 0x0000000742d00000|
|  46|0x0000000742e00000, 0x0000000742e00000, 0x0000000742f00000|  0%| F|  |TS  0|AC  0|TAMS 0x0000000742e00000, 0x0000000742e00000|
|  47|0x0000000742f00000, 0x0000000742f00000, 0x0000000743000000|  0%| F|  |TS  0|AC  0|TAMS 0x0000000742f00000, 0x0000000742f00000|
|  48|0x0000000743000000, 0x0000000743000000, 0x0000000743100000|  0%| F|  |TS  0|AC  0|TAMS 0x0000000743000000, 0x0000000743000000|
|  49|0x0000000743100000, 0x0000000743100000, 0x0000000743200000|  0%| F|  |TS  0|AC  0|TAMS 0x0000000743100000, 0x0000000743100000|
|  50|0x0000000743200000, 0x0000000743200000, 0x0000000743300000|  0%| F|  |TS  0|AC  0|TAMS 0x0000000743200000, 0x0000000743200000|
|  51|0x0000000743300000, 0x0000000743300000, 0x0000000743400000|  0%| F|  |TS  0|AC  0|TAMS 0x0000000743300000, 0x0000000743300000|
|  52|0x0000000743400000, 0x0000000743400000, 0x0000000743500000|  0%| F|  |TS  0|AC  0|TAMS 0x0000000743400000, 0x0000000743400000|
|  53|0x0000000743500000, 0x0000000743500000, 0x0000000743600000|  0%| F|  |TS  0|AC  0|TAMS 0x0000000743500000, 0x0000000743500000|
|  54|0x0000000743600000, 0x0000000743600000, 0x0000000743700000|  0%| F|  |TS  0|AC  0|TAMS 0x0000000743600000, 0x0000000743600000|
|  55|0x0000000743700000, 0x0000000743700000, 0x0000000743800000|  0%| F|  |TS  0|AC  0|TAMS 0x0000000743700000, 0x0000000743700000|
|  56|0x0000000743800000, 0x0000000743800000, 0x0000000743900000|  0%| F|  |TS  0|AC  0|TAMS 0x0000000743800000, 0x0000000743800000|
|  57|0x0000000743900000, 0x0000000743900000, 0x0000000743a00000|  0%| F|  |TS  0|AC  0|TAMS 0x0000000743900000, 0x0000000743900000|
|  58|0x0000000743a00000, 0x0000000743a00000, 0x0000000743b00000|  0%| F|  |TS  0|AC  0|TAMS 0x0000000743a00000, 0x0000000743a00000|
|  59|0x0000000743b00000, 0x0000000743b00000, 0x0000000743c00000|  0%| F|  |TS  0|AC  0|TAMS 0x0000000743b00000, 0x0000000743b00000|
|  60|0x0000000743c00000, 0x0000000743c00000, 0x0000000743d00000|  0%| F|  |TS  0|AC  0|TAMS 0x0000000743c00000, 0x0000000743c00000|
|  61|0x0000000743d00000, 0x0000000743d00000, 0x0000000743e00000|  0%| F|  |TS  0|AC  0|TAMS 0x0000000743d00000, 0x0000000743d00000|
|  62|0x0000000743e00000, 0x0000000743e00000, 0x0000000743f00000|  0%| F|  |TS  0|AC  0|TAMS 0x0000000743e00000, 0x0000000743e00000|
|  63|0x0000000743f00000, 0x0000000743f00000, 0x0000000744000000|  0%| F|  |TS  0|AC  0|TAMS 0x0000000743f00000, 0x0000000743f00000|
|  64|0x0000000744000000, 0x0000000744000000, 0x0000000744100000|  0%| F|  |TS  0|AC  0|TAMS 0x0000000744000000, 0x0000000744000000|
|  65|0x0000000744100000, 0x0000000744100000, 0x0000000744200000|  0%| F|  |TS  0|AC  0|TAMS 0x0000000744100000, 0x0000000744100000|
|  66|0x0000000744200000, 0x0000000744200000, 0x0000000744300000|  0%| F|  |TS  0|AC  0|TAMS 0x0000000744200000, 0x0000000744200000|
|  67|0x0000000744300000, 0x0000000744300000, 0x0000000744400000|  0%| F|  |TS  0|AC  0|TAMS 0x0000000744300000, 0x0000000744300000|
|  68|0x0000000744400000, 0x0000000744400000, 0x0000000744500000|  0%| F|  |TS  0|AC  0|TAMS 0x0000000744400000, 0x0000000744400000|
|  69|0x0000000744500000, 0x0000000744500000, 0x0000000744600000|  0%| F|  |TS  0|AC  0|TAMS 0x0000000744500000, 0x0000000744500000|
|  70|0x0000000744600000, 0x0000000744600000, 0x0000000744700000|  0%| F|  |TS  0|AC  0|TAMS 0x0000000744600000, 0x0000000744600000|
|  71|0x0000000744700000, 0x0000000744700000, 0x0000000744800000|  0%| F|  |TS  0|AC  0|TAMS 0x0000000744700000, 0x0000000744700000|
|  72|0x0000000744800000, 0x0000000744800000, 0x0000000744900000|  0%| F|  |TS  0|AC  0|TAMS 0x0000000744800000, 0x0000000744800000|
|  73|0x0000000744900000, 0x0000000744900000, 0x0000000744a00000|  0%| F|  |TS  0|AC  0|TAMS 0x0000000744900000, 0x0000000744900000|
|  74|0x0000000744a00000, 0x0000000744a00000, 0x0000000744b00000|  0%| F|  |TS  0|AC  0|TAMS 0x0000000744a00000, 0x0000000744a00000|
|  75|0x0000000744b00000, 0x0000000744b00000, 0x0000000744c00000|  0%| F|  |TS  0|AC  0|TAMS 0x0000000744b00000, 0x0000000744b00000|
|  76|0x0000000744c00000, 0x0000000744c00000, 0x0000000744d00000|  0%| F|  |TS  0|AC  0|TAMS 0x0000000744c00000, 0x0000000744c00000|
|  77|0x0000000744d00000, 0x0000000744d00000, 0x0000000744e00000|  0%| F|  |TS  0|AC  0|TAMS 0x0000000744d00000, 0x0000000744d00000|
|  78|0x0000000744e00000, 0x0000000744e00000, 0x0000000744f00000|  0%| F|  |TS  0|AC  0|TAMS 0x0000000744e00000, 0x0000000744e00000|
|  79|0x0000000744f00000, 0x0000000744f00000, 0x0000000745000000|  0%| F|  |TS  0|AC  0|TAMS 0x0000000744f00000, 0x0000000744f00000|
|  80|0x0000000745000000, 0x0000000745000000, 0x0000000745100000|  0%| F|  |TS  0|AC  0|TAMS 0x0000000745000000, 0x0000000745000000|
|  81|0x0000000745100000, 0x0000000745100000, 0x0000000745200000|  0%| F|  |TS  0|AC  0|TAMS 0x0000000745100000, 0x0000000745100000|
|  82|0x0000000745200000, 0x0000000745200000, 0x0000000745300000|  0%| F|  |TS  0|AC  0|TAMS 0x0000000745200000, 0x0000000745200000|
|  83|0x0000000745300000, 0x0000000745300000, 0x0000000745400000|  0%| F|  |TS  0|AC  0|TAMS 0x0000000745300000, 0x0000000745300000|
|  84|0x0000000745400000, 0x0000000745400000, 0x0000000745500000|  0%| F|  |TS  0|AC  0|TAMS 0x0000000745400000, 0x0000000745400000|
|  85|0x0000000745500000, 0x0000000745500000, 0x0000000745600000|  0%| F|  |TS  0|AC  0|TAMS 0x0000000745500000, 0x0000000745500000|
|  86|0x0000000745600000, 0x0000000745600000, 0x0000000745700000|  0%| F|  |TS  0|AC  0|TAMS 0x0000000745600000, 0x0000000745600000|
|  87|0x0000000745700000, 0x0000000745700000, 0x0000000745800000|  0%| F|  |TS  0|AC  0|TAMS 0x0000000745700000, 0x0000000745700000|
|  88|0x0000000745800000, 0x0000000745800000, 0x0000000745900000|  0%| F|  |TS  0|AC  0|TAMS 0x0000000745800000, 0x0000000745800000|
|  89|0x0000000745900000, 0x0000000745900000, 0x0000000745a00000|  0%| F|  |TS  0|AC  0|TAMS 0x0000000745900000, 0x0000000745900000|
|  90|0x0000000745a00000, 0x0000000745a00000, 0x0000000745b00000|  0%| F|  |TS  0|AC  0|TAMS 0x0000000745a00000, 0x0000000745a00000|
|  91|0x0000000745b00000, 0x0000000745b00000, 0x0000000745c00000|  0%| F|  |TS  0|AC  0|TAMS 0x0000000745b00000, 0x0000000745b00000|
|  92|0x0000000745c00000, 0x0000000745c00000, 0x0000000745d00000|  0%| F|  |TS  0|AC  0|TAMS 0x0000000745c00000, 0x0000000745c00000|
|  93|0x0000000745d00000, 0x0000000745d00000, 0x0000000745e00000|  0%| F|  |TS  0|AC  0|TAMS 0x0000000745d00000, 0x0000000745d00000|
|  94|0x0000000745e00000, 0x0000000745e00000, 0x0000000745f00000|  0%| F|  |TS  0|AC  0|TAMS 0x0000000745e00000, 0x0000000745e00000|
|  95|0x0000000745f00000, 0x0000000745f00000, 0x0000000746000000|  0%| F|  |TS  0|AC  0|TAMS 0x0000000745f00000, 0x0000000745f00000|
|  96|0x0000000746000000, 0x0000000746000000, 0x0000000746100000|  0%| F|  |TS  0|AC  0|TAMS 0x0000000746000000, 0x0000000746000000|
|  97|0x0000000746100000, 0x0000000746100000, 0x0000000746200000|  0%| F|  |TS  0|AC  0|TAMS 0x0000000746100000, 0x0000000746100000|
|  98|0x0000000746200000, 0x0000000746200000, 0x0000000746300000|  0%| F|  |TS  0|AC  0|TAMS 0x0000000746200000, 0x0000000746200000|
|  99|0x0000000746300000, 0x0000000746300000, 0x0000000746400000|  0%| F|  |TS  0|AC  0|TAMS 0x0000000746300000, 0x0000000746300000|
| 100|0x0000000746400000, 0x0000000746400000, 0x0000000746500000|  0%| F|  |TS  0|AC  0|TAMS 0x0000000746400000, 0x0000000746400000|
| 101|0x0000000746500000, 0x0000000746500000, 0x0000000746600000|  0%| F|  |TS  0|AC  0|TAMS 0x0000000746500000, 0x0000000746500000|
| 102|0x0000000746600000, 0x0000000746600000, 0x0000000746700000|  0%| F|  |TS  0|AC  0|TAMS 0x0000000746600000, 0x0000000746600000|
| 103|0x0000000746700000, 0x0000000746700000, 0x0000000746800000|  0%| F|  |TS  0|AC  0|TAMS 0x0000000746700000, 0x0000000746700000|
| 104|0x0000000746800000, 0x0000000746900000, 0x0000000746900000|100%| S|CS|TS  0|AC  0|TAMS 0x0000000746800000, 0x0000000746800000|
| 105|0x0000000746900000, 0x0000000746a00000, 0x0000000746a00000|100%| S|CS|TS  0|AC  0|TAMS 0x0000000746900000, 0x0000000746900000|
| 106|0x0000000746a00000, 0x0000000746b00000, 0x0000000746b00000|100%| S|CS|TS  0|AC  0|TAMS 0x0000000746a00000, 0x0000000746a00000|
| 107|0x0000000746b00000, 0x0000000746c00000, 0x0000000746c00000|100%| S|CS|TS  0|AC  0|TAMS 0x0000000746b00000, 0x0000000746b00000|
| 108|0x0000000746c00000, 0x0000000746c00000, 0x0000000746d00000|  0%| F|  |TS  0|AC  0|TAMS 0x0000000746c00000, 0x0000000746c00000|
| 109|0x0000000746d00000, 0x0000000746d00000, 0x0000000746e00000|  0%| F|  |TS  0|AC  0|TAMS 0x0000000746d00000, 0x0000000746d00000|
| 110|0x0000000746e00000, 0x0000000746e00000, 0x0000000746f00000|  0%| F|  |TS  0|AC  0|TAMS 0x0000000746e00000, 0x0000000746e00000|
| 111|0x0000000746f00000, 0x0000000746f00000, 0x0000000747000000|  0%| F|  |TS  0|AC  0|TAMS 0x0000000746f00000, 0x0000000746f00000|
| 112|0x0000000747000000, 0x0000000747000000, 0x0000000747100000|  0%| F|  |TS  0|AC  0|TAMS 0x0000000747000000, 0x0000000747000000|
| 113|0x0000000747100000, 0x0000000747100000, 0x0000000747200000|  0%| F|  |TS  0|AC  0|TAMS 0x0000000747100000, 0x0000000747100000|
| 114|0x0000000747200000, 0x0000000747200000, 0x0000000747300000|  0%| F|  |TS  0|AC  0|TAMS 0x0000000747200000, 0x0000000747200000|
| 115|0x0000000747300000, 0x0000000747300000, 0x0000000747400000|  0%| F|  |TS  0|AC  0|TAMS 0x0000000747300000, 0x0000000747300000|
| 116|0x0000000747400000, 0x0000000747400000, 0x0000000747500000|  0%| F|  |TS  0|AC  0|TAMS 0x0000000747400000, 0x0000000747400000|
| 117|0x0000000747500000, 0x0000000747500000, 0x0000000747600000|  0%| F|  |TS  0|AC  0|TAMS 0x0000000747500000, 0x0000000747500000|
| 118|0x0000000747600000, 0x0000000747600000, 0x0000000747700000|  0%| F|  |TS  0|AC  0|TAMS 0x0000000747600000, 0x0000000747600000|
| 119|0x0000000747700000, 0x0000000747700000, 0x0000000747800000|  0%| F|  |TS  0|AC  0|TAMS 0x0000000747700000, 0x0000000747700000|
| 120|0x0000000747800000, 0x00000007478c9b60, 0x0000000747900000| 78%| E|  |TS  0|AC  0|TAMS 0x0000000747800000, 0x0000000747800000|
| 121|0x0000000747900000, 0x0000000747a00000, 0x0000000747a00000|100%| E|CS|TS  0|AC  0|TAMS 0x0000000747900000, 0x0000000747900000|
| 122|0x0000000747a00000, 0x0000000747b00000, 0x0000000747b00000|100%| E|CS|TS  0|AC  0|TAMS 0x0000000747a00000, 0x0000000747a00000|
| 123|0x0000000747b00000, 0x0000000747c00000, 0x0000000747c00000|100%| E|CS|TS  0|AC  0|TAMS 0x0000000747b00000, 0x0000000747b00000|
| 124|0x0000000747c00000, 0x0000000747d00000, 0x0000000747d00000|100%| E|CS|TS  0|AC  0|TAMS 0x0000000747c00000, 0x0000000747c00000|
| 125|0x0000000747d00000, 0x0000000747e00000, 0x0000000747e00000|100%| E|CS|TS  0|AC  0|TAMS 0x0000000747d00000, 0x0000000747d00000|
| 126|0x0000000747e00000, 0x0000000747f00000, 0x0000000747f00000|100%| E|CS|TS  0|AC  0|TAMS 0x0000000747e00000, 0x0000000747e00000|
| 127|0x0000000747f00000, 0x0000000748000000, 0x0000000748000000|100%| E|CS|TS  0|AC  0|TAMS 0x0000000747f00000, 0x0000000747f00000|

Card table byte_map: [0x000000012b425000,0x000000012b825000] byte_map_base: 0x0000000127a25000

Marking Bits (Prev, Next): (CMBitMap*) 0x00007fd8008356a8, (CMBitMap*) 0x00007fd800835670
 Prev Bits: [0x000000012dc25000, 0x000000012fc25000)
 Next Bits: [0x000000012bc25000, 0x000000012dc25000)

Polling page: 0x00000001103ff000

CodeHeap 'non-profiled nmethods': size=120032Kb used=688Kb max_used=688Kb free=119343Kb
 bounds [0x0000000123aed000, 0x0000000123d5d000, 0x000000012b025000]
CodeHeap 'profiled nmethods': size=120032Kb used=3754Kb max_used=3754Kb free=116277Kb
 bounds [0x000000011c5b5000, 0x000000011c965000, 0x0000000123aed000]
CodeHeap 'non-nmethods': size=5696Kb used=1264Kb max_used=1280Kb free=4431Kb
 bounds [0x000000011c025000, 0x000000011c295000, 0x000000011c5b5000]
 total_blobs=2609 nmethods=1767 adapters=388
 compilation: enabled

Compilation events (10 events):
Event: 11.052 Thread 0x00007fd800015800 nmethod 1757 0x0000000123b97290 code [0x0000000123b97440, 0x0000000123b97678]
Event: 11.061 Thread 0x00007fd800010800 nmethod 1756 0x0000000123b97810 code [0x0000000123b97a60, 0x0000000123b984e8]
Event: 11.313 Thread 0x00007fd80181f000 1763       3       com.google.common.collect.CollectPreconditions::checkEntryNotNull (68 bytes)
Event: 11.315 Thread 0x00007fd80181f000 nmethod 1763 0x000000011c95c810 code [0x000000011c95cba0, 0x000000011c95e588]
Event: 11.315 Thread 0x00007fd80181f000 1765       3       java.lang.invoke.LambdaForm$MH/156545103::linkToTargetMethod (10 bytes)
Event: 11.316 Thread 0x00007fd80181f000 nmethod 1765 0x000000011c95ed10 code [0x000000011c95eee0, 0x000000011c95f3d8]
Event: 11.316 Thread 0x00007fd80181f000 1764       3       java.util.HashMap::tableSizeFor (59 bytes)
Event: 11.316 Thread 0x00007fd80181f000 nmethod 1764 0x000000011c95f510 code [0x000000011c95f6c0, 0x000000011c95f8d0]
Event: 11.316 Thread 0x00007fd80181f000 1766       1       java.util.stream.FindOps$FindSink::cancellationRequested (5 bytes)
Event: 11.316 Thread 0x00007fd80181f000 nmethod 1766 0x0000000123b98c10 code [0x0000000123b98dc0, 0x0000000123b98ed0]

GC Heap History (6 events):
Event: 0.674 GC heap before
{Heap before GC invocations=0 (full 0):
 garbage-first heap   total 131072K, used 14336K [0x0000000740000000, 0x0000000740100400, 0x00000007c0000000)
  region size 1024K, 14 young (14336K), 0 survivors (0K)
 Metaspace       used 12487K, capacity 12848K, committed 12928K, reserved 1060864K
  class space    used 1234K, capacity 1328K, committed 1408K, reserved 1048576K
}
Event: 0.680 GC heap after
{Heap after GC invocations=1 (full 0):
 garbage-first heap   total 131072K, used 4718K [0x0000000740000000, 0x0000000740100400, 0x00000007c0000000)
  region size 1024K, 2 young (2048K), 2 survivors (2048K)
 Metaspace       used 12487K, capacity 12848K, committed 12928K, reserved 1060864K
  class space    used 1234K, capacity 1328K, committed 1408K, reserved 1048576K
}
Event: 0.920 GC heap before
{Heap before GC invocations=1 (full 0):
 garbage-first heap   total 131072K, used 17006K [0x0000000740000000, 0x0000000740100400, 0x00000007c0000000)
  region size 1024K, 14 young (14336K), 2 survivors (2048K)
 Metaspace       used 16400K, capacity 16840K, committed 17024K, reserved 1064960K
  class space    used 1694K, capacity 1794K, committed 1920K, reserved 1048576K
}
Event: 0.925 GC heap after
{Heap after GC invocations=2 (full 0):
 garbage-first heap   total 131072K, used 7449K [0x0000000740000000, 0x0000000740100400, 0x00000007c0000000)
  region size 1024K, 2 young (2048K), 2 survivors (2048K)
 Metaspace       used 16400K, capacity 16840K, committed 17024K, reserved 1064960K
  class space    used 1694K, capacity 1794K, committed 1920K, reserved 1048576K
}
Event: 3.090 GC heap before
{Heap before GC invocations=2 (full 0):
 garbage-first heap   total 131072K, used 24857K [0x0000000740000000, 0x0000000740100400, 0x00000007c0000000)
  region size 1024K, 20 young (20480K), 2 survivors (2048K)
 Metaspace       used 20431K, capacity 21098K, committed 21248K, reserved 1069056K
  class space    used 2293K, capacity 2465K, committed 2560K, reserved 1048576K
}
Event: 3.100 GC heap after
{Heap after GC invocations=3 (full 0):
 garbage-first heap   total 131072K, used 11350K [0x0000000740000000, 0x0000000740100400, 0x00000007c0000000)
  region size 1024K, 4 young (4096K), 4 survivors (4096K)
 Metaspace       used 20431K, capacity 21098K, committed 21248K, reserved 1069056K
  class space    used 2293K, capacity 2465K, committed 2560K, reserved 1048576K
}

Deoptimization events (10 events):
Event: 1.023 Thread 0x00007fd801800000 Uncommon trap: reason=unstable_if action=reinterpret pc=0x0000000123b58640 method=java.io.ByteArrayInputStream.read([BII)I @ 63 c2
Event: 1.031 Thread 0x00007fd801800000 Uncommon trap: reason=unstable_if action=reinterpret pc=0x0000000123b3fc40 method=java.lang.CharacterDataLatin1.digit(II)I @ 82 c2
Event: 1.031 Thread 0x00007fd801800000 Uncommon trap: reason=unstable_if action=reinterpret pc=0x0000000123b40110 method=java.lang.CharacterDataLatin1.digit(II)I @ 82 c2
Event: 1.236 Thread 0x00007fd801ae7800 Uncommon trap: reason=unstable_if action=reinterpret pc=0x0000000123b64ce4 method=java.util.concurrent.ConcurrentHashMap.putVal(Ljava/lang/Object;Ljava/lang/Object;Z)Ljava/lang/Object; @ 231 c2
Event: 3.101 Thread 0x00007fd801800000 Uncommon trap: reason=unstable_if action=reinterpret pc=0x0000000123b38920 method=java.util.concurrent.ConcurrentHashMap.get(Ljava/lang/Object;)Ljava/lang/Object; @ 152 c2
Event: 8.245 Thread 0x00007fd801800000 Uncommon trap: reason=unstable_if action=reinterpret pc=0x0000000123b26290 method=java.lang.AbstractStringBuilder.putStringAt(ILjava/lang/String;)V @ 8 c2
Event: 8.245 Thread 0x00007fd801800000 Uncommon trap: reason=unstable_if action=reinterpret pc=0x0000000123b25368 method=java.lang.AbstractStringBuilder.putStringAt(ILjava/lang/String;)V @ 8 c2
Event: 8.245 Thread 0x00007fd801800000 Uncommon trap: reason=unstable_if action=reinterpret pc=0x0000000123b23778 method=java.lang.AbstractStringBuilder.isLatin1()Z @ 10 c2
Event: 8.245 Thread 0x00007fd801800000 Uncommon trap: reason=unstable_if action=reinterpret pc=0x0000000123b26e20 method=java.lang.String.getBytes([BIB)V @ 5 c2
Event: 8.245 Thread 0x00007fd801800000 Uncommon trap: reason=unstable_if action=reinterpret pc=0x0000000123b3b948 method=java.lang.AbstractStringBuilder.isLatin1()Z @ 10 c2

Classes redefined (9 events):
Event: 265.141 Thread 0x00007fd800000000 redefined class name=assignment.MakeARegistration, count=1
Event: 508.320 Thread 0x00007fd800000000 redefined class name=assignment.MakeARegistration, count=2
Event: 624.935 Thread 0x00007fd800000000 redefined class name=assignment.MakeARegistration, count=3
Event: 774.845 Thread 0x00007fd800000000 redefined class name=assignment.MakeARegistration, count=4
Event: 932.145 Thread 0x00007fd800000000 redefined class name=assignment.MakeARegistration, count=5
Event: 940.283 Thread 0x00007fd800000000 redefined class name=assignment.MakeARegistration, count=6
Event: 1063.262 Thread 0x00007fd800000000 redefined class name=assignment.MakeARegistration, count=7
Event: 1169.201 Thread 0x00007fd800000000 redefined class name=assignment.MakeARegistration, count=8
Event: 1266.067 Thread 0x00007fd800000000 redefined class name=assignment.MakeARegistration, count=9

Internal exceptions (10 events):
Event: 1.130 Thread 0x00007fd801800000 Exception <a 'java/lang/NoSuchMethodError'{0x000000074745aa40}: java.lang.invoke.DirectMethodHandle$Holder.invokeInterface(Ljava/lang/Object;Ljava/lang/Object;Ljava/lang/Object;)V> (0x000000074745aa40) thrown at [/scratch/mesos/slaves/5af44a71-976a-41b7-8
Event: 1.132 Thread 0x00007fd801ae7800 Exception <a 'java/lang/NoSuchMethodError'{0x000000074747cf08}: java.lang.invoke.DirectMethodHandle$Holder.invokeInterface(Ljava/lang/Object;Ljava/lang/Object;Ljava/lang/Object;)V> (0x000000074747cf08) thrown at [/scratch/mesos/slaves/5af44a71-976a-41b7-8
Event: 1.238 Thread 0x00007fd801800000 Exception <a 'java/lang/NoSuchMethodError'{0x000000074746c138}: method resolution failed> (0x000000074746c138) thrown at [/scratch/mesos/slaves/5af44a71-976a-41b7-81de-5773b84ec572-S38393/frameworks/1735e8a2-a1db-478c-8104-60c8b0af87dd-0196/executors/8b85
Event: 3.110 Thread 0x00007fd801800000 Exception <a 'java/lang/NoSuchMethodError'{0x0000000747f242d0}: java.lang.invoke.DirectMethodHandle$Holder.invokeStatic(Ljava/lang/Object;Ljava/lang/Object;Ljava/lang/Object;Ljava/lang/Object;)V> (0x0000000747f242d0) thrown at [/scratch/mesos/slaves/5af44
Event: 3.152 Thread 0x00007fd801800000 Exception <a 'java/lang/NoSuchMethodError'{0x0000000747e30520}: java.lang.invoke.DirectMethodHandle$Holder.invokeStatic(Ljava/lang/Object;ILjava/lang/Object;)Ljava/lang/Object;> (0x0000000747e30520) thrown at [/scratch/mesos/slaves/5af44a71-976a-41b7-81de
Event: 3.170 Thread 0x00007fd801800000 Exception <a 'java/lang/ClassNotFoundException'{0x0000000747eb9768}: sun/util/logging/resources/spi/loggingProvider> (0x0000000747eb9768) thrown at [/scratch/mesos/slaves/5af44a71-976a-41b7-81de-5773b84ec572-S38393/frameworks/1735e8a2-a1db-478c-8104-60c8b
Event: 8.243 Thread 0x00007fd801800000 Exception <a 'java/lang/NoSuchMethodError'{0x0000000747c2d190}: java.lang.Object.lambda$and$0(Ljava/util/regex/Pattern$CharPredicate;I)Z> (0x0000000747c2d190) thrown at [/scratch/mesos/slaves/5af44a71-976a-41b7-81de-5773b84ec572-S38393/frameworks/1735e8a2
Event: 42.521 Thread 0x00007fd801800000 Exception <a 'java/lang/NoSuchMethodError'{0x0000000747ae2d80}: java.lang.invoke.DirectMethodHandle$Holder.invokeVirtual(Ljava/lang/Object;Ljava/lang/Object;)I> (0x0000000747ae2d80) thrown at [/scratch/mesos/slaves/5af44a71-976a-41b7-81de-5773b84ec572-S38
Event: 42.613 Thread 0x00007fd801800000 Exception <a 'java/lang/ClassNotFoundException'{0x0000000747914330}: sun/misc/SharedSecrets> (0x0000000747914330) thrown at [/scratch/mesos/slaves/5af44a71-976a-41b7-81de-5773b84ec572-S38393/frameworks/1735e8a2-a1db-478c-8104-60c8b0af87dd-0196/executors/8
Event: 42.623 Thread 0x00007fd801800000 Exception <a 'java/lang/NoSuchMethodError'{0x0000000747917a10}: java.lang.Object.lambda$comparing$77a9974f$1(Ljava/util/function/Function;Ljava/lang/Object;Ljava/lang/Object;)I> (0x0000000747917a10) thrown at [/scratch/mesos/slaves/5af44a71-976a-41b7-81de

Events (10 events):
Event: 1266.080 Executing VM operation: GetFrameLocation done
Event: 1266.109 Executing VM operation: GetFrameCount
Event: 1266.109 Executing VM operation: GetFrameCount done
Event: 1266.109 Executing VM operation: GetOwnedMonitorInfo
Event: 1266.109 Executing VM operation: GetOwnedMonitorInfo done
Event: 1266.109 Executing VM operation: GetCurrentContendedMonitor
Event: 1266.109 Executing VM operation: GetCurrentContendedMonitor done
Event: 1356.957 Executing VM operation: GetFrameLocation
Event: 1356.957 Executing VM operation: GetFrameLocation done
Event: 1356.957 Executing VM operation: GetOrSetLocal


Dynamic libraries:
0x00007fff460f9000 	/System/Library/Frameworks/Cocoa.framework/Versions/A/Cocoa
0x00007fff526d0000 	/System/Library/Frameworks/Security.framework/Versions/A/Security
0x00007fff44d3d000 	/System/Library/Frameworks/ApplicationServices.framework/Versions/A/ApplicationServices
0x00007fff6ea31000 	/usr/lib/libz.1.dylib
0x00007fff6c96c000 	/usr/lib/libSystem.B.dylib
0x00007fff468ae000 	/System/Library/Frameworks/CoreFoundation.framework/Versions/A/CoreFoundation
0x00007fff48a02000 	/System/Library/Frameworks/Foundation.framework/Versions/C/Foundation
0x00007fff6e01b000 	/usr/lib/libobjc.A.dylib
0x00007fff43e8d000 	/System/Library/Frameworks/AppKit.framework/Versions/C/AppKit
0x00007fff46471000 	/System/Library/Frameworks/CoreData.framework/Versions/A/CoreData
0x00007fff662c0000 	/System/Library/PrivateFrameworks/RemoteViewServices.framework/Versions/A/RemoteViewServices
0x00007fff6aa11000 	/System/Library/PrivateFrameworks/UIFoundation.framework/Versions/A/UIFoundation
0x00007fff5b122000 	/System/Library/PrivateFrameworks/DFRFoundation.framework/Versions/A/DFRFoundation
0x00007fff4b046000 	/System/Library/Frameworks/Metal.framework/Versions/A/Metal
0x00007fff5b2bf000 	/System/Library/PrivateFrameworks/DesktopServicesPriv.framework/Versions/A/DesktopServicesPriv
0x00007fff6d571000 	/usr/lib/libenergytrace.dylib
0x00007fff68a86000 	/System/Library/PrivateFrameworks/SkyLight.framework/Versions/A/SkyLight
0x00007fff46d51000 	/System/Library/Frameworks/CoreGraphics.framework/Versions/A/CoreGraphics
0x00007fff6c967000 	/usr/lib/libScreenReader.dylib
0x00007fff42e28000 	/System/Library/Frameworks/Accelerate.framework/Versions/A/Accelerate
0x00007fff4917b000 	/System/Library/Frameworks/IOSurface.framework/Versions/A/IOSurface
0x00007fff45287000 	/System/Library/Frameworks/AudioToolbox.framework/Versions/A/AudioToolbox
0x00007fff45516000 	/System/Library/Frameworks/AudioUnit.framework/Versions/A/AudioUnit
0x00007fff5b1ba000 	/System/Library/PrivateFrameworks/DataDetectorsCore.framework/Versions/A/DataDetectorsCore
0x00007fff45bec000 	/System/Library/Frameworks/Carbon.framework/Versions/A/Frameworks/HIToolbox.framework/Versions/A/HIToolbox
0x00007fff6d6cb000 	/usr/lib/libicucore.A.dylib
0x00007fff51c51000 	/System/Library/Frameworks/QuartzCore.framework/Versions/A/QuartzCore
0x00007fff67d3d000 	/System/Library/PrivateFrameworks/SignpostNotification.framework/Versions/A/SignpostNotification
0x00007fff45fd2000 	/System/Library/Frameworks/Carbon.framework/Versions/A/Frameworks/SpeechRecognition.framework/Versions/A/SpeechRecognition
0x00007fff6cac8000 	/usr/lib/libauto.dylib
0x00007fff6e920000 	/usr/lib/libxml2.2.dylib
0x00007fff5ad75000 	/System/Library/PrivateFrameworks/CoreUI.framework/Versions/A/CoreUI
0x00007fff4634d000 	/System/Library/Frameworks/CoreAudio.framework/Versions/A/CoreAudio
0x00007fff4883c000 	/System/Library/Frameworks/DiskArbitration.framework/Versions/A/DiskArbitration
0x00007fff6d93f000 	/usr/lib/liblangid.dylib
0x00007fff627d0000 	/System/Library/PrivateFrameworks/MultitouchSupport.framework/Versions/A/MultitouchSupport
0x00007fff490de000 	/System/Library/Frameworks/IOKit.framework/Versions/A/IOKit
0x00007fff6c5f6000 	/usr/lib/libDiagnosticMessagesClient.dylib
0x00007fff47a1a000 	/System/Library/Frameworks/CoreServices.framework/Versions/A/CoreServices
0x00007fff642fe000 	/System/Library/PrivateFrameworks/PerformanceAnalysis.framework/Versions/A/PerformanceAnalysis
0x00007fff50df3000 	/System/Library/Frameworks/OpenGL.framework/Versions/A/OpenGL
0x00007fff46107000 	/System/Library/Frameworks/ColorSync.framework/Versions/A/ColorSync
0x00007fff47363000 	/System/Library/Frameworks/CoreImage.framework/Versions/A/CoreImage
0x00007fff483aa000 	/System/Library/Frameworks/CoreText.framework/Versions/A/CoreText
0x00007fff491d9000 	/System/Library/Frameworks/ImageIO.framework/Versions/A/ImageIO
0x00007fff574bd000 	/System/Library/PrivateFrameworks/Backup.framework/Versions/A/Backup
0x00007fff6ca18000 	/usr/lib/libarchive.2.dylib
0x00007fff45838000 	/System/Library/Frameworks/CFNetwork.framework/Versions/A/CFNetwork
0x00007fff52e60000 	/System/Library/Frameworks/SystemConfiguration.framework/Versions/A/SystemConfiguration
0x00007fff6c51f000 	/usr/lib/libCRFSuite.dylib
0x00007fff6cba1000 	/usr/lib/libc++.1.dylib
0x00007fff6cbf8000 	/usr/lib/libc++abi.dylib
0x00007fff6eadf000 	/usr/lib/system/libcache.dylib
0x00007fff6eae4000 	/usr/lib/system/libcommonCrypto.dylib
0x00007fff6eaef000 	/usr/lib/system/libcompiler_rt.dylib
0x00007fff6eaf7000 	/usr/lib/system/libcopyfile.dylib
0x00007fff6eb01000 	/usr/lib/system/libcorecrypto.dylib
0x00007fff6ec0e000 	/usr/lib/system/libdispatch.dylib
0x00007fff6ec48000 	/usr/lib/system/libdyld.dylib
0x00007fff6ec66000 	/usr/lib/system/libkeymgr.dylib
0x00007fff6ec74000 	/usr/lib/system/liblaunch.dylib
0x00007fff6ec75000 	/usr/lib/system/libmacho.dylib
0x00007fff6ec7a000 	/usr/lib/system/libquarantine.dylib
0x00007fff6ec7d000 	/usr/lib/system/libremovefile.dylib
0x00007fff6ec7f000 	/usr/lib/system/libsystem_asl.dylib
0x00007fff6ec97000 	/usr/lib/system/libsystem_blocks.dylib
0x00007fff6ec98000 	/usr/lib/system/libsystem_c.dylib
0x00007fff6ed22000 	/usr/lib/system/libsystem_configuration.dylib
0x00007fff6ed26000 	/usr/lib/system/libsystem_coreservices.dylib
0x00007fff6ed2a000 	/usr/lib/system/libsystem_darwin.dylib
0x00007fff6ed2c000 	/usr/lib/system/libsystem_dnssd.dylib
0x00007fff6ed33000 	/usr/lib/system/libsystem_info.dylib
0x00007fff6eda4000 	/usr/lib/system/libsystem_m.dylib
0x00007fff6edf0000 	/usr/lib/system/libsystem_malloc.dylib
0x00007fff6ee10000 	/usr/lib/system/libsystem_network.dylib
0x00007fff6ef41000 	/usr/lib/system/libsystem_networkextension.dylib
0x00007fff6ef4c000 	/usr/lib/system/libsystem_notify.dylib
0x00007fff6ef6a000 	/usr/lib/system/libsystem_sandbox.dylib
0x00007fff6ef6e000 	/usr/lib/system/libsystem_secinit.dylib
0x00007fff6ed7d000 	/usr/lib/system/libsystem_kernel.dylib
0x00007fff6ef56000 	/usr/lib/system/libsystem_platform.dylib
0x00007fff6ef5e000 	/usr/lib/system/libsystem_pthread.dylib
0x00007fff6ef70000 	/usr/lib/system/libsystem_symptoms.dylib
0x00007fff6ef78000 	/usr/lib/system/libsystem_trace.dylib
0x00007fff6ef8d000 	/usr/lib/system/libunwind.dylib
0x00007fff6ef93000 	/usr/lib/system/libxpc.dylib
0x00007fff6c432000 	/usr/lib/closure/libclosured.dylib
0x00007fff6cb82000 	/usr/lib/libbsm.0.dylib
0x00007fff6ec67000 	/usr/lib/system/libkxld.dylib
0x00007fff6c830000 	/usr/lib/libOpenScriptingUtil.dylib
0x00007fff6cef0000 	/usr/lib/libcoretls.dylib
0x00007fff6cf09000 	/usr/lib/libcoretls_cfhelpers.dylib
0x00007fff6e41c000 	/usr/lib/libpam.2.dylib
0x00007fff6e543000 	/usr/lib/libsqlite3.dylib
0x00007fff6e90f000 	/usr/lib/libxar.1.dylib
0x00007fff6cb93000 	/usr/lib/libbz2.1.0.dylib
0x00007fff6d941000 	/usr/lib/liblzma.5.dylib
0x00007fff6de22000 	/usr/lib/libnetwork.dylib
0x00007fff6ca01000 	/usr/lib/libapple_nghttp2.dylib
0x00007fff6e423000 	/usr/lib/libpcap.A.dylib
0x00007fff6cac9000 	/usr/lib/libboringssl.dylib
0x00007fff6e8aa000 	/usr/lib/libusrtcp.dylib
0x00007fff6ca00000 	/usr/lib/libapple_crypto.dylib
0x00007fff47d9d000 	/System/Library/Frameworks/CoreServices.framework/Versions/A/Frameworks/FSEvents.framework/Versions/A/FSEvents
0x00007fff47a90000 	/System/Library/Frameworks/CoreServices.framework/Versions/A/Frameworks/CarbonCore.framework/Versions/A/CarbonCore
0x00007fff47f64000 	/System/Library/Frameworks/CoreServices.framework/Versions/A/Frameworks/Metadata.framework/Versions/A/Metadata
0x00007fff48015000 	/System/Library/Frameworks/CoreServices.framework/Versions/A/Frameworks/OSServices.framework/Versions/A/OSServices
0x00007fff48076000 	/System/Library/Frameworks/CoreServices.framework/Versions/A/Frameworks/SearchKit.framework/Versions/A/SearchKit
0x00007fff47a1b000 	/System/Library/Frameworks/CoreServices.framework/Versions/A/Frameworks/AE.framework/Versions/A/AE
0x00007fff47da6000 	/System/Library/Frameworks/CoreServices.framework/Versions/A/Frameworks/LaunchServices.framework/Versions/A/LaunchServices
0x00007fff47d68000 	/System/Library/Frameworks/CoreServices.framework/Versions/A/Frameworks/DictionaryServices.framework/Versions/A/DictionaryServices
0x00007fff480e5000 	/System/Library/Frameworks/CoreServices.framework/Versions/A/Frameworks/SharedFileList.framework/Versions/A/SharedFileList
0x00007fff4c27c000 	/System/Library/Frameworks/NetFS.framework/Versions/A/NetFS
0x00007fff62a61000 	/System/Library/PrivateFrameworks/NetAuth.framework/Versions/A/NetAuth
0x00007fff6c2c9000 	/System/Library/PrivateFrameworks/login.framework/Versions/A/Frameworks/loginsupport.framework/Versions/A/loginsupport
0x00007fff6a692000 	/System/Library/PrivateFrameworks/TCC.framework/Versions/A/TCC
0x00007fff6da22000 	/usr/lib/libmecabra.dylib
0x00007fff44d3e000 	/System/Library/Frameworks/ApplicationServices.framework/Versions/A/Frameworks/ATS.framework/Versions/A/ATS
0x00007fff450ec000 	/System/Library/Frameworks/ApplicationServices.framework/Versions/A/Frameworks/ColorSyncLegacy.framework/Versions/A/ColorSyncLegacy
0x00007fff45190000 	/System/Library/Frameworks/ApplicationServices.framework/Versions/A/Frameworks/HIServices.framework/Versions/A/HIServices
0x00007fff451e3000 	/System/Library/Frameworks/ApplicationServices.framework/Versions/A/Frameworks/LangAnalysis.framework/Versions/A/LangAnalysis
0x00007fff451f2000 	/System/Library/Frameworks/ApplicationServices.framework/Versions/A/Frameworks/PrintCore.framework/Versions/A/PrintCore
0x00007fff4523f000 	/System/Library/Frameworks/ApplicationServices.framework/Versions/A/Frameworks/QD.framework/Versions/A/QD
0x00007fff4527a000 	/System/Library/Frameworks/ApplicationServices.framework/Versions/A/Frameworks/SpeechSynthesis.framework/Versions/A/SpeechSynthesis
0x00007fff467c8000 	/System/Library/Frameworks/CoreDisplay.framework/Versions/A/CoreDisplay
0x00007fff42e40000 	/System/Library/Frameworks/Accelerate.framework/Versions/A/Frameworks/vImage.framework/Versions/A/vImage
0x00007fff43b9a000 	/System/Library/Frameworks/Accelerate.framework/Versions/A/Frameworks/vecLib.framework/Versions/A/vecLib
0x00007fff4393a000 	/System/Library/Frameworks/Accelerate.framework/Versions/A/Frameworks/vecLib.framework/Versions/A/libvDSP.dylib
0x00007fff4349a000 	/System/Library/Frameworks/Accelerate.framework/Versions/A/Frameworks/vecLib.framework/Versions/A/libBNNS.dylib
0x00007fff4389f000 	/System/Library/Frameworks/Accelerate.framework/Versions/A/Frameworks/vecLib.framework/Versions/A/libQuadrature.dylib
0x00007fff43ae8000 	/System/Library/Frameworks/Accelerate.framework/Versions/A/Frameworks/vecLib.framework/Versions/A/libvMisc.dylib
0x00007fff434c9000 	/System/Library/Frameworks/Accelerate.framework/Versions/A/Frameworks/vecLib.framework/Versions/A/libLAPACK.dylib
0x00007fff4333f000 	/System/Library/Frameworks/Accelerate.framework/Versions/A/Frameworks/vecLib.framework/Versions/A/libBLAS.dylib
0x00007fff43889000 	/System/Library/Frameworks/Accelerate.framework/Versions/A/Frameworks/vecLib.framework/Versions/A/libLinearAlgebra.dylib
0x00007fff438a5000 	/System/Library/Frameworks/Accelerate.framework/Versions/A/Frameworks/vecLib.framework/Versions/A/libSparse.dylib
0x00007fff43926000 	/System/Library/Frameworks/Accelerate.framework/Versions/A/Frameworks/vecLib.framework/Versions/A/libSparseBLAS.dylib
0x00007fff5f8fb000 	/System/Library/PrivateFrameworks/GPUWrangler.framework/Versions/A/GPUWrangler
0x00007fff61078000 	/System/Library/PrivateFrameworks/IOAccelerator.framework/Versions/A/IOAccelerator
0x00007fff61083000 	/System/Library/PrivateFrameworks/IOPresentment.framework/Versions/A/IOPresentment
0x00007fff5b134000 	/System/Library/PrivateFrameworks/DSExternalDisplay.framework/Versions/A/DSExternalDisplay
0x00007fff50273000 	/System/Library/Frameworks/OpenGL.framework/Versions/A/Libraries/libCoreFSCache.dylib
0x00007fff484fb000 	/System/Library/Frameworks/CoreVideo.framework/Versions/A/CoreVideo
0x00007fff60676000 	/System/Library/PrivateFrameworks/GraphVisualizer.framework/Versions/A/GraphVisualizer
0x00007fff4b27d000 	/System/Library/Frameworks/MetalPerformanceShaders.framework/Versions/A/MetalPerformanceShaders
0x00007fff6c62e000 	/usr/lib/libFosl_dynamic.dylib
0x00007fff5c205000 	/System/Library/PrivateFrameworks/FaceCore.framework/Versions/A/FaceCore
0x00007fff4f07a000 	/System/Library/Frameworks/OpenCL.framework/Versions/A/OpenCL
0x00007fff6cc2f000 	/usr/lib/libcompression.dylib
0x00007fff44e3d000 	/System/Library/Frameworks/ApplicationServices.framework/Versions/A/Frameworks/ATS.framework/Versions/A/Resources/libFontParser.dylib
0x00007fff44f60000 	/System/Library/Frameworks/ApplicationServices.framework/Versions/A/Frameworks/ATS.framework/Versions/A/Resources/libFontRegistry.dylib
0x00007fff49440000 	/System/Library/Frameworks/ImageIO.framework/Versions/A/Resources/libJPEG.dylib
0x00007fff49769000 	/System/Library/Frameworks/ImageIO.framework/Versions/A/Resources/libTIFF.dylib
0x00007fff4973f000 	/System/Library/Frameworks/ImageIO.framework/Versions/A/Resources/libPng.dylib
0x00007fff49353000 	/System/Library/Frameworks/ImageIO.framework/Versions/A/Resources/libGIF.dylib
0x00007fff49358000 	/System/Library/Frameworks/ImageIO.framework/Versions/A/Resources/libJP2.dylib
0x00007fff49766000 	/System/Library/Frameworks/ImageIO.framework/Versions/A/Resources/libRadiance.dylib
0x00007fff56bea000 	/System/Library/PrivateFrameworks/AppleJPEG.framework/Versions/A/AppleJPEG
0x00007fff4b0e4000 	/System/Library/Frameworks/MetalPerformanceShaders.framework/Frameworks/MPSCore.framework/Versions/A/MPSCore
0x00007fff4b100000 	/System/Library/Frameworks/MetalPerformanceShaders.framework/Frameworks/MPSImage.framework/Versions/A/MPSImage
0x00007fff4b195000 	/System/Library/Frameworks/MetalPerformanceShaders.framework/Frameworks/MPSNeuralNetwork.framework/Versions/A/MPSNeuralNetwork
0x00007fff4b170000 	/System/Library/Frameworks/MetalPerformanceShaders.framework/Frameworks/MPSMatrix.framework/Versions/A/MPSMatrix
0x00007fff62546000 	/System/Library/PrivateFrameworks/MetalTools.framework/Versions/A/MetalTools
0x00007fff5043d000 	/System/Library/Frameworks/OpenGL.framework/Versions/A/Libraries/libGLU.dylib
0x00007fff5027e000 	/System/Library/Frameworks/OpenGL.framework/Versions/A/Libraries/libGFXShared.dylib
0x00007fff50288000 	/System/Library/Frameworks/OpenGL.framework/Versions/A/Libraries/libGL.dylib
0x00007fff50294000 	/System/Library/Frameworks/OpenGL.framework/Versions/A/Libraries/libGLImage.dylib
0x00007fff50270000 	/System/Library/Frameworks/OpenGL.framework/Versions/A/Libraries/libCVMSPluginSupport.dylib
0x00007fff50279000 	/System/Library/Frameworks/OpenGL.framework/Versions/A/Libraries/libCoreVMClient.dylib
0x00007fff6d3db000 	/usr/lib/libcups.2.dylib
0x00007fff4a653000 	/System/Library/Frameworks/Kerberos.framework/Versions/A/Kerberos
0x00007fff48e38000 	/System/Library/Frameworks/GSS.framework/Versions/A/GSS
0x00007fff6e4d6000 	/usr/lib/libresolv.9.dylib
0x00007fff6d5d9000 	/usr/lib/libiconv.2.dylib
0x00007fff60708000 	/System/Library/PrivateFrameworks/Heimdal.framework/Versions/A/Heimdal
0x00007fff6d5a8000 	/usr/lib/libheimdal-asn1.dylib
0x00007fff4f0e6000 	/System/Library/Frameworks/OpenDirectory.framework/Versions/A/OpenDirectory
0x00007fff58efa000 	/System/Library/PrivateFrameworks/CommonAuth.framework/Versions/A/CommonAuth
0x00007fff4f0c9000 	/System/Library/Frameworks/OpenDirectory.framework/Versions/A/Frameworks/CFOpenDirectory.framework/Versions/A/CFOpenDirectory
0x00007fff529f9000 	/System/Library/Frameworks/SecurityFoundation.framework/Versions/A/SecurityFoundation
0x00007fff55dc1000 	/System/Library/PrivateFrameworks/APFS.framework/Versions/A/APFS
0x00007fff6e90b000 	/usr/lib/libutil.dylib
0x00007fff56c6d000 	/System/Library/PrivateFrameworks/AppleSauce.framework/Versions/A/AppleSauce
0x00007fff61860000 	/System/Library/PrivateFrameworks/LinguisticData.framework/Versions/A/LinguisticData
0x00007fff6d95b000 	/usr/lib/libmarisa.dylib
0x00007fff6181a000 	/System/Library/PrivateFrameworks/Lexicon.framework/Versions/A/Lexicon
0x00007fff6c559000 	/usr/lib/libChineseTokenizer.dylib
0x00007fff6cc1e000 	/usr/lib/libcmph.dylib
0x00007fff61724000 	/System/Library/PrivateFrameworks/LanguageModeling.framework/Versions/A/LanguageModeling
0x00007fff59a06000 	/System/Library/PrivateFrameworks/CoreEmoji.framework/Versions/A/CoreEmoji
0x00007fff52ab7000 	/System/Library/Frameworks/ServiceManagement.framework/Versions/A/ServiceManagement
0x00007fff574b5000 	/System/Library/PrivateFrameworks/BackgroundTaskManagement.framework/Versions/A/BackgroundTaskManagement
0x00007fff6ea08000 	/usr/lib/libxslt.1.dylib
0x00007fff45efc000 	/System/Library/Frameworks/Carbon.framework/Versions/A/Frameworks/Ink.framework/Versions/A/Ink
0x00007fff6a8a7000 	/System/Library/PrivateFrameworks/TextureIO.framework/Versions/A/TextureIO
0x00007fff6ca43000 	/usr/lib/libate.dylib
0x00007fff5b094000 	/System/Library/PrivateFrameworks/CrashReporterSupport.framework/Versions/A/CrashReporterSupport
0x00007fff67c00000 	/System/Library/PrivateFrameworks/Sharing.framework/Versions/A/Sharing
0x00007fff61466000 	/System/Library/PrivateFrameworks/IconServices.framework/Versions/A/IconServices
0x00007fff56a6f000 	/System/Library/PrivateFrameworks/Apple80211.framework/Versions/A/Apple80211
0x00007fff5aeaa000 	/System/Library/PrivateFrameworks/CoreUtils.framework/Versions/A/CoreUtils
0x00007fff48536000 	/System/Library/Frameworks/CoreWLAN.framework/Versions/A/CoreWLAN
0x00007fff48f7a000 	/System/Library/Frameworks/IOBluetooth.framework/Versions/A/IOBluetooth
0x00007fff660cc000 	/System/Library/PrivateFrameworks/ProtocolBuffer.framework/Versions/A/ProtocolBuffer
0x00007fff5b02f000 	/System/Library/PrivateFrameworks/CoreWiFi.framework/Versions/A/CoreWiFi
0x00007fff46447000 	/System/Library/Frameworks/CoreBluetooth.framework/Versions/A/CoreBluetooth
0x00007fff5b27e000 	/System/Library/PrivateFrameworks/DebugSymbols.framework/Versions/A/DebugSymbols
0x00007fff5ac61000 	/System/Library/PrivateFrameworks/CoreSymbolication.framework/Versions/A/CoreSymbolication
0x00007fff6a099000 	/System/Library/PrivateFrameworks/Symbolication.framework/Versions/A/Symbolication
0x00007fff56a99000 	/System/Library/PrivateFrameworks/AppleFSCompression.framework/Versions/A/AppleFSCompression
0x00007fff694e8000 	/System/Library/PrivateFrameworks/SpeechRecognitionCore.framework/Versions/A/SpeechRecognitionCore
0x000000010f75c000 	/Library/Java/JavaVirtualMachines/jdk-9.0.1.jdk/Contents/Home/lib/server/libjvm.dylib
0x00007fff6e7d8000 	/usr/lib/libstdc++.6.0.9.dylib
0x0000000110c00000 	/Library/Java/JavaVirtualMachines/jdk-9.0.1.jdk/Contents/Home/lib/libverify.dylib
0x0000000110c0d000 	/Library/Java/JavaVirtualMachines/jdk-9.0.1.jdk/Contents/Home/lib/libjava.dylib
0x0000000110c41000 	/Library/Java/JavaVirtualMachines/jdk-9.0.1.jdk/Contents/Home/lib/libjdwp.dylib
0x0000000110cc6000 	/Library/Java/JavaVirtualMachines/jdk-9.0.1.jdk/Contents/Home/lib/libzip.dylib
0x0000000110cce000 	/Library/Java/JavaVirtualMachines/jdk-9.0.1.jdk/Contents/Home/lib/libjimage.dylib
0x000000011bf60000 	/Library/Java/JavaVirtualMachines/jdk-9.0.1.jdk/Contents/Home/lib/libnio.dylib
0x000000011bf70000 	/Library/Java/JavaVirtualMachines/jdk-9.0.1.jdk/Contents/Home/lib/./libnet.dylib
0x0000000132945000 	/Library/Java/JavaVirtualMachines/jdk-9.0.1.jdk/Contents/Home/lib/libdt_socket.dylib
0x00000001332ea000 	/Library/Java/JavaVirtualMachines/jdk-9.0.1.jdk/Contents/Home/lib/libsunec.dylib

VM Arguments:
jvm_args: -agentlib:jdwp=transport=dt_socket,suspend=y,address=localhost:55954 -ea -Dfile.encoding=UTF-8 
java_command: org.testng.remote.RemoteTestNG -serport 55953 -protocol json -d /Users/tomislavstipandzija/git/txoc/TexasOnCourse/test-output /var/folders/fx/g2b_rq_n3_g1v526nfj_zr1h0000gn/T/testng-eclipse--1248452019/testng-customsuite.xml
java_class_path (initial): /Users/tomislavstipandzija/java-oxygen/Eclipse.app/Contents/Eclipse/configuration/org.eclipse.osgi/662/0/.cp/lib/testng-remote.jar:/Users/tomislavstipandzija/git/txoc/TexasOnCourse/bin:/Users/tomislavstipandzija/Downloads/selenium-java-3.8.1/client-combined-3.8.1-sources.jar:/Users/tomislavstipandzija/Downloads/selenium-java-3.8.1/client-combined-3.8.1.jar:/Users/tomislavstipandzija/Downloads/selenium-java-3.8.1/libs/byte-buddy-1.7.5.jar:/Users/tomislavstipandzija/Downloads/selenium-java-3.8.1/libs/commons-codec-1.10.jar:/Users/tomislavstipandzija/Downloads/selenium-java-3.8.1/libs/commons-exec-1.3.jar:/Users/tomislavstipandzija/Downloads/selenium-java-3.8.1/libs/commons-logging-1.2.jar:/Users/tomislavstipandzija/Downloads/selenium-java-3.8.1/libs/gson-2.8.2.jar:/Users/tomislavstipandzija/Downloads/selenium-java-3.8.1/libs/guava-23.0.jar:/Users/tomislavstipandzija/Downloads/selenium-java-3.8.1/libs/httpclient-4.5.3.jar:/Users/tomislavstipandzija/Downloads/selenium-java-3.8.1/libs/httpcore-4.4.6.jar:/Users/tomislavstipandzija/.p2/pool/plugins/org.testng_6.14.2.r201802161450.jar:/Users/tomislavstipandzija/.p2/pool/plugins/com.beust.jcommander_1.72.0.jar:/Users/tomislavstipandzija/.p2/pool/plugins/org.apache-extras.beanshell.bsh_2.0.0.b6.jar:/Users/tomislavstipandzija/.p2/pool/plugins/org.yaml.snakeyaml_1.17.0.jar
Launcher Type: SUN_STANDARD

Logging:
Log output configuration:
#0: stdout all=warning uptime,level,tags
#1: stderr all=off uptime,level,tags

Environment Variables:
PATH=/usr/bin:/bin:/usr/sbin:/sbin
SHELL=/bin/bash

Signal Handlers:
SIGSEGV: [libjvm.dylib+0x73e2dc], sa_mask[0]=11111111011111110111111111111111, sa_flags=SA_ONSTACK|SA_RESTART|SA_SIGINFO
SIGBUS: [libjvm.dylib+0x73e2dc], sa_mask[0]=11111111011111110111111111111111, sa_flags=SA_RESTART|SA_SIGINFO
SIGFPE: [libjvm.dylib+0x73e2dc], sa_mask[0]=11111111011111110111111111111111, sa_flags=SA_RESTART|SA_SIGINFO
SIGPIPE: [libjvm.dylib+0x5f15ac], sa_mask[0]=11111111011111110111111111111111, sa_flags=SA_RESTART|SA_SIGINFO
SIGXFSZ: [libjvm.dylib+0x5f15ac], sa_mask[0]=11111111011111110111111111111111, sa_flags=SA_RESTART|SA_SIGINFO
SIGILL: [libjvm.dylib+0x73e2dc], sa_mask[0]=11111111011111110111111111111111, sa_flags=SA_RESTART|SA_SIGINFO
SIGUSR2: [libjvm.dylib+0x5f1e3c], sa_mask[0]=00100000000000000000000000000000, sa_flags=SA_RESTART|SA_SIGINFO
SIGHUP: [libjvm.dylib+0x5f0679], sa_mask[0]=11111111011111110111111111111111, sa_flags=SA_RESTART|SA_SIGINFO
SIGINT: [libjvm.dylib+0x5f0679], sa_mask[0]=11111111011111110111111111111111, sa_flags=SA_RESTART|SA_SIGINFO
SIGTERM: [libjvm.dylib+0x5f0679], sa_mask[0]=11111111011111110111111111111111, sa_flags=SA_RESTART|SA_SIGINFO
SIGQUIT: [libjvm.dylib+0x5f0679], sa_mask[0]=11111111011111110111111111111111, sa_flags=SA_RESTART|SA_SIGINFO


---------------  S Y S T E M  ---------------

OS:uname:Darwin 17.5.0 Darwin Kernel Version 17.5.0: Mon Mar  5 22:24:32 PST 2018; root:xnu-4570.51.1~1/RELEASE_X86_64 x86_64
rlimit: STACK 8192k, CORE 0k, NPROC 709, NOFILE 10240, AS infinity
load average:1.62 1.84 1.82

CPU:total 4 (initial active 4) (2 cores per cpu, 2 threads per core) family 6 model 142 stepping 9, cmov, cx8, fxsr, mmx, sse, sse2, sse3, ssse3, sse4.1, sse4.2, popcnt, avx, avx2, aes, clmul, erms, rtm, 3dnowpref, lzcnt, ht, tsc, tscinvbit, bmi1, bmi2, adx, fma

Memory: 4k page, physical 8388608k(29340k free)

vm_info: Java HotSpot(TM) 64-Bit Server VM (9.0.1+11) for bsd-amd64 JRE (9.0.1+11), built on Sep 28 2017 03:49:57 by "mach5one" with gcc 4.2.1 Compatible Apple LLVM 6.1.0 (clang-602.0.49)

END.
